TN:
SF:App.js
FN:18,(anonymous_0)
FN:30,(anonymous_1)
FN:32,(anonymous_2)
FN:38,(anonymous_3)
FN:46,(anonymous_4)
FN:65,(anonymous_5)
FN:70,(anonymous_6)
FN:76,(anonymous_7)
FN:84,(anonymous_8)
FN:105,(anonymous_9)
FN:110,(anonymous_10)
FN:116,(anonymous_11)
FN:124,(anonymous_12)
FN:145,(anonymous_13)
FN:150,(anonymous_14)
FN:156,(anonymous_15)
FN:157,(anonymous_16)
FN:169,(anonymous_17)
FN:182,(anonymous_18)
FN:185,(anonymous_19)
FN:189,(anonymous_20)
FN:212,(anonymous_21)
FN:216,(anonymous_22)
FN:238,(anonymous_23)
FN:242,(anonymous_24)
FN:246,(anonymous_25)
FN:250,(anonymous_26)
FN:257,(anonymous_27)
FN:264,(anonymous_28)
FN:268,(anonymous_29)
FN:278,(anonymous_30)
FN:282,(anonymous_31)
FN:286,(anonymous_32)
FN:295,(anonymous_33)
FN:299,(anonymous_34)
FN:319,(anonymous_35)
FN:327,(anonymous_36)
FN:332,(anonymous_37)
FNF:38
FNH:2
FNDA:1,(anonymous_0)
FNDA:0,(anonymous_1)
FNDA:0,(anonymous_2)
FNDA:0,(anonymous_3)
FNDA:0,(anonymous_4)
FNDA:0,(anonymous_5)
FNDA:0,(anonymous_6)
FNDA:0,(anonymous_7)
FNDA:0,(anonymous_8)
FNDA:0,(anonymous_9)
FNDA:0,(anonymous_10)
FNDA:0,(anonymous_11)
FNDA:0,(anonymous_12)
FNDA:0,(anonymous_13)
FNDA:0,(anonymous_14)
FNDA:0,(anonymous_15)
FNDA:0,(anonymous_16)
FNDA:0,(anonymous_17)
FNDA:0,(anonymous_18)
FNDA:0,(anonymous_19)
FNDA:0,(anonymous_20)
FNDA:0,(anonymous_21)
FNDA:0,(anonymous_22)
FNDA:0,(anonymous_23)
FNDA:0,(anonymous_24)
FNDA:0,(anonymous_25)
FNDA:0,(anonymous_26)
FNDA:0,(anonymous_27)
FNDA:0,(anonymous_28)
FNDA:0,(anonymous_29)
FNDA:0,(anonymous_30)
FNDA:0,(anonymous_31)
FNDA:0,(anonymous_32)
FNDA:0,(anonymous_33)
FNDA:0,(anonymous_34)
FNDA:0,(anonymous_35)
FNDA:0,(anonymous_36)
FNDA:1,(anonymous_37)
DA:19,1
DA:20,1
DA:31,0
DA:33,0
DA:35,0
DA:38,0
DA:41,0
DA:43,0
DA:46,0
DA:49,0
DA:51,0
DA:54,0
DA:56,0
DA:57,0
DA:59,0
DA:62,0
DA:69,0
DA:71,0
DA:73,0
DA:76,0
DA:77,0
DA:79,0
DA:81,0
DA:84,0
DA:85,0
DA:87,0
DA:89,0
DA:92,0
DA:94,0
DA:97,0
DA:99,0
DA:102,0
DA:109,0
DA:111,0
DA:113,0
DA:116,0
DA:117,0
DA:119,0
DA:121,0
DA:124,0
DA:125,0
DA:127,0
DA:129,0
DA:132,0
DA:134,0
DA:137,0
DA:139,0
DA:142,0
DA:150,1
DA:151,0
DA:157,0
DA:158,0
DA:159,0
DA:176,0
DA:177,0
DA:179,0
DA:183,0
DA:184,0
DA:185,0
DA:186,0
DA:189,0
DA:190,0
DA:196,0
DA:212,0
DA:216,0
DA:217,0
DA:222,0
DA:223,0
DA:224,0
DA:225,0
DA:226,0
DA:227,0
DA:228,0
DA:229,0
DA:230,0
DA:234,0
DA:238,0
DA:239,0
DA:242,0
DA:243,0
DA:246,0
DA:247,0
DA:250,0
DA:251,0
DA:254,0
DA:256,0
DA:258,0
DA:264,0
DA:268,0
DA:278,0
DA:279,0
DA:282,0
DA:283,0
DA:286,0
DA:287,0
DA:295,0
DA:296,0
DA:299,0
DA:300,0
DA:304,0
DA:308,0
DA:320,0
DA:321,0
DA:323,0
DA:328,0
DA:329,0
DA:333,1
LF:107
LH:4
BRDA:33,0,0,0
BRDA:33,0,1,0
BRDA:33,0,2,0
BRDA:33,0,3,0
BRDA:33,0,4,0
BRDA:71,1,0,0
BRDA:71,1,1,0
BRDA:71,1,2,0
BRDA:71,1,3,0
BRDA:71,1,4,0
BRDA:111,2,0,0
BRDA:111,2,1,0
BRDA:111,2,2,0
BRDA:111,2,3,0
BRDA:111,2,4,0
BRDA:183,3,0,0
BRDA:183,3,1,0
BRDA:254,4,0,0
BRDA:254,4,1,0
BRDA:320,5,0,0
BRDA:320,5,1,0
BRF:21
BRH:0
end_of_record
TN:
SF:navigation\Navigator.js
FN:30,(anonymous_0)
FN:58,(anonymous_1)
FNF:2
FNH:1
FNDA:0,(anonymous_0)
FNDA:2,(anonymous_1)
DA:20,3
DA:21,3
DA:23,3
DA:30,3
DA:31,0
DA:58,3
DA:59,2
LF:7
LH:6
BRF:0
BRH:0
end_of_record
TN:
SF:screens\EmergencyText.js
FN:16,(anonymous_0)
FN:33,(anonymous_1)
FN:38,(anonymous_2)
FN:43,(anonymous_3)
FN:53,(anonymous_4)
FN:61,(anonymous_5)
FN:80,(anonymous_6)
FN:88,(anonymous_7)
FN:101,(anonymous_8)
FN:103,(anonymous_9)
FN:117,(anonymous_10)
FN:124,(anonymous_11)
FN:137,(anonymous_12)
FN:151,(anonymous_13)
FN:158,(anonymous_14)
FN:165,(anonymous_15)
FN:172,(anonymous_16)
FN:178,(anonymous_17)
FNF:18
FNH:1
FNDA:1,(anonymous_0)
FNDA:0,(anonymous_1)
FNDA:0,(anonymous_2)
FNDA:0,(anonymous_3)
FNDA:0,(anonymous_4)
FNDA:0,(anonymous_5)
FNDA:0,(anonymous_6)
FNDA:0,(anonymous_7)
FNDA:0,(anonymous_8)
FNDA:0,(anonymous_9)
FNDA:0,(anonymous_10)
FNDA:0,(anonymous_11)
FNDA:0,(anonymous_12)
FNDA:0,(anonymous_13)
FNDA:0,(anonymous_14)
FNDA:0,(anonymous_15)
FNDA:0,(anonymous_16)
FNDA:0,(anonymous_17)
DA:17,1
DA:18,1
DA:34,0
DA:35,0
DA:38,1
DA:39,0
DA:44,0
DA:45,0
DA:46,0
DA:48,0
DA:53,1
DA:54,0
DA:62,0
DA:70,0
DA:71,0
DA:80,1
DA:81,0
DA:89,0
DA:101,1
DA:102,0
DA:103,0
DA:104,0
DA:105,0
DA:106,0
DA:107,0
DA:108,0
DA:111,0
DA:113,0
DA:119,0
DA:125,0
DA:137,0
DA:152,0
DA:159,0
DA:166,0
DA:173,0
DA:178,0
DA:187,4
LF:37
LH:7
BRDA:45,0,0,0
BRDA:45,0,1,0
BRDA:70,1,0,0
BRDA:70,1,1,0
BRDA:119,2,0,0
BRDA:119,2,1,0
BRF:6
BRH:0
end_of_record
TN:
SF:screens\GuardiansAdd.js
FN:11,(anonymous_0)
FN:17,(anonymous_1)
FN:23,(anonymous_2)
FN:31,(anonymous_3)
FN:34,(anonymous_4)
FN:47,(anonymous_5)
FN:53,(anonymous_6)
FN:69,(anonymous_7)
FN:87,(anonymous_8)
FN:106,(anonymous_9)
FN:110,(anonymous_10)
FNF:11
FNH:1
FNDA:1,(anonymous_0)
FNDA:0,(anonymous_1)
FNDA:0,(anonymous_2)
FNDA:0,(anonymous_3)
FNDA:0,(anonymous_4)
FNDA:0,(anonymous_5)
FNDA:0,(anonymous_6)
FNDA:0,(anonymous_7)
FNDA:0,(anonymous_8)
FNDA:0,(anonymous_9)
FNDA:0,(anonymous_10)
DA:11,4
DA:12,1
DA:13,0
DA:14,0
DA:15,0
DA:17,0
DA:18,0
DA:23,0
DA:24,0
DA:25,0
DA:27,0
DA:33,0
DA:34,0
DA:35,0
DA:36,0
DA:37,0
DA:38,0
DA:39,0
DA:40,0
DA:41,0
DA:48,0
DA:52,0
DA:53,0
DA:54,0
DA:57,0
DA:58,0
DA:70,0
DA:74,0
DA:75,0
DA:88,0
DA:94,0
DA:100,0
DA:107,0
DA:110,0
DA:117,4
LF:35
LH:3
BRDA:24,0,0,0
BRDA:24,0,1,0
BRDA:33,1,0,0
BRDA:33,1,1,0
BRDA:52,2,0,0
BRDA:52,2,1,0
BRF:6
BRH:0
end_of_record
TN:
SF:screens\Home.js
FN:18,(anonymous_0)
FN:33,(anonymous_1)
FN:37,(anonymous_2)
FN:46,(anonymous_3)
FN:49,(anonymous_4)
FN:53,(anonymous_5)
FN:60,(anonymous_6)
FN:63,(anonymous_7)
FN:69,(anonymous_8)
FN:74,(anonymous_9)
FN:101,(anonymous_10)
FN:124,(anonymous_11)
FN:131,(anonymous_12)
FN:138,(anonymous_13)
FNF:14
FNH:1
FNDA:1,(anonymous_0)
FNDA:0,(anonymous_1)
FNDA:0,(anonymous_2)
FNDA:0,(anonymous_3)
FNDA:0,(anonymous_4)
FNDA:0,(anonymous_5)
FNDA:0,(anonymous_6)
FNDA:0,(anonymous_7)
FNDA:0,(anonymous_8)
FNDA:0,(anonymous_9)
FNDA:0,(anonymous_10)
FNDA:0,(anonymous_11)
FNDA:0,(anonymous_12)
FNDA:0,(anonymous_13)
DA:19,1
DA:20,1
DA:34,0
DA:38,0
DA:47,0
DA:48,0
DA:53,0
DA:60,1
DA:61,0
DA:64,0
DA:70,0
DA:74,0
DA:101,0
DA:124,0
DA:131,0
DA:138,0
DA:149,4
LF:17
LH:4
BRF:0
BRH:0
end_of_record
TN:
SF:screens\Login.js
FN:11,(anonymous_0)
FN:21,(anonymous_1)
FN:27,(anonymous_2)
FN:32,(anonymous_3)
FN:35,(anonymous_4)
FN:44,(anonymous_5)
FN:49,(anonymous_6)
FN:53,(anonymous_7)
FN:65,(anonymous_8)
FN:98,(anonymous_9)
FN:119,(anonymous_10)
FNF:11
FNH:2
FNDA:1,(anonymous_0)
FNDA:0,(anonymous_1)
FNDA:0,(anonymous_2)
FNDA:0,(anonymous_3)
FNDA:0,(anonymous_4)
FNDA:0,(anonymous_5)
FNDA:0,(anonymous_6)
FNDA:0,(anonymous_7)
FNDA:1,(anonymous_8)
FNDA:0,(anonymous_9)
FNDA:0,(anonymous_10)
DA:12,1
DA:13,1
DA:21,1
DA:22,0
DA:23,0
DA:24,0
DA:27,1
DA:29,0
DA:30,0
DA:33,0
DA:36,0
DA:37,0
DA:40,0
DA:44,1
DA:45,0
DA:46,0
DA:47,0
DA:50,0
DA:51,0
DA:54,0
DA:58,0
DA:61,0
DA:66,1
DA:99,0
DA:120,0
DA:141,4
LF:26
LH:7
BRDA:29,0,0,0
BRDA:29,0,1,0
BRDA:45,1,0,0
BRDA:45,1,1,0
BRDA:105,2,0,0
BRDA:105,2,1,1
BRDA:123,3,0,0
BRDA:123,3,1,1
BRDA:129,4,0,0
BRDA:129,4,1,1
BRDA:131,5,0,0
BRDA:131,5,1,1
BRF:12
BRH:4
end_of_record
TN:
SF:screens\MapScreen.js
FN:15,(anonymous_0)
FN:24,(anonymous_1)
FN:28,(anonymous_2)
FN:39,(anonymous_3)
FN:44,(anonymous_4)
FNF:5
FNH:1
FNDA:1,(anonymous_0)
FNDA:0,(anonymous_1)
FNDA:0,(anonymous_2)
FNDA:0,(anonymous_3)
FNDA:0,(anonymous_4)
DA:15,4
DA:16,1
DA:17,0
DA:18,0
DA:19,0
DA:20,0
DA:21,0
DA:24,0
DA:25,0
DA:29,0
DA:30,0
DA:31,0
DA:32,0
DA:33,0
DA:34,0
DA:36,0
DA:39,0
DA:40,0
DA:44,0
DA:45,0
DA:48,0
DA:49,0
DA:50,0
DA:52,0
LF:24
LH:2
BRDA:32,0,0,0
BRDA:32,0,1,0
BRF:2
BRH:0
end_of_record
TN:
SF:screens\Registration.js
FN:12,(anonymous_0)
FN:25,(anonymous_1)
FN:31,(anonymous_2)
FN:36,(anonymous_3)
FN:40,(anonymous_4)
FN:52,(anonymous_5)
FN:57,(anonymous_6)
FN:61,(anonymous_7)
FN:70,(anonymous_8)
FN:88,(anonymous_9)
FN:97,(anonymous_10)
FN:130,(anonymous_11)
FN:144,(anonymous_12)
FN:155,(anonymous_13)
FN:175,(anonymous_14)
FNF:15
FNH:2
FNDA:1,(anonymous_0)
FNDA:0,(anonymous_1)
FNDA:0,(anonymous_2)
FNDA:0,(anonymous_3)
FNDA:0,(anonymous_4)
FNDA:0,(anonymous_5)
FNDA:0,(anonymous_6)
FNDA:0,(anonymous_7)
FNDA:0,(anonymous_8)
FNDA:0,(anonymous_9)
FNDA:1,(anonymous_10)
FNDA:0,(anonymous_11)
FNDA:0,(anonymous_12)
FNDA:0,(anonymous_13)
FNDA:0,(anonymous_14)
DA:13,1
DA:15,1
DA:25,1
DA:26,0
DA:27,0
DA:28,0
DA:31,1
DA:32,0
DA:33,0
DA:34,0
DA:37,0
DA:38,0
DA:41,0
DA:45,0
DA:48,0
DA:52,1
DA:54,0
DA:55,0
DA:58,0
DA:59,0
DA:62,0
DA:63,0
DA:66,0
DA:70,1
DA:71,0
DA:72,0
DA:73,0
DA:74,0
DA:75,0
DA:89,0
DA:92,0
DA:93,0
DA:98,1
DA:130,0
DA:145,0
DA:156,0
DA:176,0
DA:196,4
LF:38
LH:8
BRDA:32,0,0,0
BRDA:32,0,1,0
BRDA:54,1,0,0
BRDA:54,1,1,0
BRDA:161,2,0,0
BRDA:161,2,1,1
BRDA:179,3,0,0
BRDA:179,3,1,1
BRDA:185,4,0,0
BRDA:185,4,1,1
BRDA:187,5,0,0
BRDA:187,5,1,1
BRF:12
BRH:4
end_of_record
TN:
SF:screens\Requests.js
FN:11,(anonymous_0)
FN:15,(anonymous_1)
FN:21,(anonymous_2)
FN:29,(anonymous_3)
FN:34,(anonymous_4)
FN:49,(anonymous_5)
FN:55,(anonymous_6)
FN:74,(anonymous_7)
FN:83,(anonymous_8)
FN:102,(anonymous_9)
FN:110,(anonymous_10)
FNF:11
FNH:1
FNDA:1,(anonymous_0)
FNDA:0,(anonymous_1)
FNDA:0,(anonymous_2)
FNDA:0,(anonymous_3)
FNDA:0,(anonymous_4)
FNDA:0,(anonymous_5)
FNDA:0,(anonymous_6)
FNDA:0,(anonymous_7)
FNDA:0,(anonymous_8)
FNDA:0,(anonymous_9)
FNDA:0,(anonymous_10)
DA:11,4
DA:12,1
DA:13,0
DA:15,0
DA:16,0
DA:22,0
DA:23,0
DA:24,0
DA:26,0
DA:29,0
DA:30,0
DA:34,0
DA:35,0
DA:36,0
DA:43,0
DA:50,0
DA:51,0
DA:55,0
DA:56,0
DA:57,0
DA:66,0
DA:75,0
DA:76,0
DA:80,0
DA:84,0
DA:102,0
DA:110,0
DA:130,4
LF:28
LH:3
BRDA:23,0,0,0
BRDA:23,0,1,0
BRDA:82,1,0,0
BRDA:82,1,1,0
BRF:4
BRH:0
end_of_record
TN:
SF:screens\SOSMode.js
FN:12,(anonymous_0)
FN:17,(anonymous_1)
FN:20,(anonymous_2)
FN:30,(anonymous_3)
FN:37,(anonymous_4)
FN:41,(anonymous_5)
FN:51,(anonymous_6)
FN:56,(anonymous_7)
FN:66,(anonymous_8)
FN:70,(anonymous_9)
FN:85,(anonymous_10)
FN:92,(anonymous_11)
FN:109,(anonymous_12)
FN:124,(anonymous_13)
FN:132,(anonymous_14)
FNF:15
FNH:1
FNDA:1,(anonymous_0)
FNDA:0,(anonymous_1)
FNDA:0,(anonymous_2)
FNDA:0,(anonymous_3)
FNDA:0,(anonymous_4)
FNDA:0,(anonymous_5)
FNDA:0,(anonymous_6)
FNDA:0,(anonymous_7)
FNDA:0,(anonymous_8)
FNDA:0,(anonymous_9)
FNDA:0,(anonymous_10)
FNDA:0,(anonymous_11)
FNDA:0,(anonymous_12)
FNDA:0,(anonymous_13)
FNDA:0,(anonymous_14)
DA:12,4
DA:13,1
DA:14,1
DA:15,1
DA:17,1
DA:18,0
DA:19,0
DA:20,0
DA:21,0
DA:23,0
DA:24,0
DA:26,0
DA:30,1
DA:31,0
DA:38,0
DA:39,0
DA:41,0
DA:42,0
DA:51,1
DA:52,0
DA:57,0
DA:58,0
DA:59,0
DA:60,0
DA:67,0
DA:68,0
DA:70,0
DA:71,0
DA:78,0
DA:80,0
DA:85,1
DA:86,0
DA:93,0
DA:94,0
DA:95,0
DA:97,0
DA:102,1
DA:109,0
DA:125,0
DA:132,0
DA:141,4
LF:41
LH:10
BRDA:19,0,0,0
BRDA:19,0,1,0
BRDA:58,1,0,0
BRDA:58,1,1,0
BRDA:94,2,0,0
BRDA:94,2,1,0
BRDA:104,3,0,1
BRDA:104,3,1,0
BRF:8
BRH:1
end_of_record
TN:
SF:screens\Settings.js
FN:33,(anonymous_0)
FN:54,(anonymous_1)
FN:58,(anonymous_2)
FN:66,(anonymous_3)
FN:75,(anonymous_4)
FN:89,(anonymous_5)
FN:113,(anonymous_6)
FN:124,(anonymous_7)
FN:127,(anonymous_8)
FN:134,(anonymous_9)
FN:138,(anonymous_10)
FN:141,(anonymous_11)
FN:149,(anonymous_12)
FN:157,(anonymous_13)
FN:212,(anonymous_14)
FN:215,(anonymous_15)
FN:287,(anonymous_16)
FN:289,(anonymous_17)
FNF:18
FNH:0
FNDA:0,(anonymous_0)
FNDA:0,(anonymous_1)
FNDA:0,(anonymous_2)
FNDA:0,(anonymous_3)
FNDA:0,(anonymous_4)
FNDA:0,(anonymous_5)
FNDA:0,(anonymous_6)
FNDA:0,(anonymous_7)
FNDA:0,(anonymous_8)
FNDA:0,(anonymous_9)
FNDA:0,(anonymous_10)
FNDA:0,(anonymous_11)
FNDA:0,(anonymous_12)
FNDA:0,(anonymous_13)
FNDA:0,(anonymous_14)
FNDA:0,(anonymous_15)
FNDA:0,(anonymous_16)
FNDA:0,(anonymous_17)
DA:34,0
DA:38,0
DA:54,0
DA:55,0
DA:58,0
DA:59,0
DA:66,0
DA:71,0
DA:72,0
DA:75,0
DA:79,0
DA:84,0
DA:85,0
DA:91,0
DA:93,0
DA:97,0
DA:98,0
DA:100,0
DA:105,0
DA:109,0
DA:113,0
DA:114,0
DA:116,0
DA:118,0
DA:125,0
DA:128,0
DA:135,0
DA:139,0
DA:142,0
DA:144,0
DA:149,0
DA:150,0
DA:153,0
DA:154,0
DA:158,0
DA:212,0
DA:216,0
DA:287,0
DA:290,0
DA:348,3
LF:40
LH:1
BRDA:79,0,0,0
BRDA:79,0,1,0
BRDA:80,1,0,0
BRDA:80,1,1,0
BRDA:80,1,2,0
BRDA:91,2,0,0
BRDA:91,2,1,0
BRDA:93,3,0,0
BRDA:93,3,1,0
BRF:9
BRH:0
end_of_record
TN:
SF:screens\ShowGuardians.js
FN:11,(anonymous_0)
FN:15,(anonymous_1)
FN:21,(anonymous_2)
FN:29,(anonymous_3)
FN:34,(anonymous_4)
FN:39,(anonymous_5)
FN:44,(anonymous_6)
FN:58,(anonymous_7)
FN:71,(anonymous_8)
FN:75,(anonymous_9)
FN:80,(anonymous_10)
FNF:11
FNH:1
FNDA:1,(anonymous_0)
FNDA:0,(anonymous_1)
FNDA:0,(anonymous_2)
FNDA:0,(anonymous_3)
FNDA:0,(anonymous_4)
FNDA:0,(anonymous_5)
FNDA:0,(anonymous_6)
FNDA:0,(anonymous_7)
FNDA:0,(anonymous_8)
FNDA:0,(anonymous_9)
FNDA:0,(anonymous_10)
DA:11,4
DA:12,1
DA:13,0
DA:15,0
DA:16,0
DA:22,0
DA:23,0
DA:24,0
DA:26,0
DA:29,0
DA:30,0
DA:34,0
DA:35,0
DA:36,0
DA:39,0
DA:45,0
DA:52,0
DA:59,0
DA:60,0
DA:67,0
DA:71,0
DA:76,0
DA:81,0
DA:104,4
LF:24
LH:3
BRDA:23,0,0,0
BRDA:23,0,1,0
BRDA:74,1,0,0
BRDA:74,1,1,0
BRF:4
BRH:0
end_of_record
TN:
SF:screens\ShowWards.js
FN:11,(anonymous_0)
FN:15,(anonymous_1)
FN:21,(anonymous_2)
FN:29,(anonymous_3)
FN:34,(anonymous_4)
FN:39,(anonymous_5)
FN:44,(anonymous_6)
FN:58,(anonymous_7)
FN:70,(anonymous_8)
FN:75,(anonymous_9)
FN:78,(anonymous_10)
FNF:11
FNH:1
FNDA:1,(anonymous_0)
FNDA:0,(anonymous_1)
FNDA:0,(anonymous_2)
FNDA:0,(anonymous_3)
FNDA:0,(anonymous_4)
FNDA:0,(anonymous_5)
FNDA:0,(anonymous_6)
FNDA:0,(anonymous_7)
FNDA:0,(anonymous_8)
FNDA:0,(anonymous_9)
FNDA:0,(anonymous_10)
DA:11,4
DA:12,1
DA:13,0
DA:15,0
DA:16,0
DA:22,0
DA:23,0
DA:24,0
DA:26,0
DA:29,0
DA:30,0
DA:34,0
DA:35,0
DA:36,0
DA:39,0
DA:45,0
DA:52,0
DA:59,0
DA:60,0
DA:67,0
DA:71,0
DA:76,0
DA:79,0
DA:125,4
LF:24
LH:3
BRDA:23,0,0,0
BRDA:23,0,1,0
BRDA:69,1,0,0
BRDA:69,1,1,0
BRDA:81,2,0,0
BRDA:81,2,1,0
BRF:6
BRH:0
end_of_record
TN:
SF:screens\Welcome.js
FN:10,(anonymous_0)
FN:14,onAuthStateChanged
FN:22,(anonymous_2)
FN:68,(anonymous_3)
FN:76,(anonymous_4)
FNF:5
FNH:1
FNDA:1,(anonymous_0)
FNDA:0,onAuthStateChanged
FNDA:0,(anonymous_2)
FNDA:0,(anonymous_3)
FNDA:0,(anonymous_4)
DA:10,3
DA:11,1
DA:12,1
DA:15,0
DA:16,0
DA:17,0
DA:19,0
DA:22,1
DA:23,0
DA:24,0
DA:25,0
DA:42,1
DA:68,0
DA:76,0
DA:91,3
LF:15
LH:6
BRDA:15,0,0,0
BRDA:15,0,1,0
BRDA:19,1,0,0
BRDA:19,1,1,0
BRF:4
BRH:0
end_of_record
